<?xml version="1.0" encoding="UTF-8"?>
<!-- Generated by org.testng.reporters.JUnitReportReporter -->
<testsuite skipped="0" hostname="DESKTOP-HFO86V8" name="datadriventesting.DataDriven" tests="4" failures="0" timestamp="2020-11-28T22:14:23 IST" time="51.978" errors="0">
  <testcase name="loginTest" time="18.740" classname="datadriventesting.DataDriven"/>
  <testcase name="loginTest" time="10.045" classname="datadriventesting.DataDriven"/>
  <testcase name="loginTest" time="17.318" classname="datadriventesting.DataDriven"/>
  <testcase name="loginTest" time="5.875" classname="datadriventesting.DataDriven"/>
</testsuite> <!-- datadriventesting.DataDriven -->
